<?xml version="1.0" encoding="UTF-8"?>
<testng-results skipped="0" failed="0" ignored="0" total="1" passed="1">
  <reporter-output>
  </reporter-output>
  <suite name="com.automate.withMe.GoogleTest" duration-ms="25" started-at="2020-07-11T08:19:39Z" finished-at="2020-07-11T08:19:39Z">
    <groups>
    </groups>
    <test name="Command line test" duration-ms="25" started-at="2020-07-11T08:19:39Z" finished-at="2020-07-11T08:19:39Z">
      <class name="com.automate.withMe.GoogleTest">
        <test-method status="PASS" signature="beforeSuite()[pri:0, instance:com.automate.withMe.GoogleTest@68837a77]" name="beforeSuite" is-config="true" duration-ms="15" started-at="2020-07-11T08:19:39Z" finished-at="2020-07-11T08:19:39Z">
          <reporter-output>
          </reporter-output>
        </test-method> <!-- beforeSuite -->
        <test-method status="PASS" signature="beforeTest()[pri:0, instance:com.automate.withMe.GoogleTest@68837a77]" name="beforeTest" is-config="true" duration-ms="0" started-at="2020-07-11T08:19:39Z" finished-at="2020-07-11T08:19:39Z">
          <reporter-output>
          </reporter-output>
        </test-method> <!-- beforeTest -->
        <test-method status="PASS" signature="beforeClass()[pri:0, instance:com.automate.withMe.GoogleTest@68837a77]" name="beforeClass" is-config="true" duration-ms="0" started-at="2020-07-11T08:19:39Z" finished-at="2020-07-11T08:19:39Z">
          <reporter-output>
          </reporter-output>
        </test-method> <!-- beforeClass -->
        <test-method status="PASS" signature="f()[pri:0, instance:com.automate.withMe.GoogleTest@68837a77]" name="f" duration-ms="1" started-at="2020-07-11T08:19:39Z" finished-at="2020-07-11T08:19:39Z">
          <reporter-output>
          </reporter-output>
        </test-method> <!-- f -->
        <test-method status="PASS" signature="beforeMethod()[pri:0, instance:com.automate.withMe.GoogleTest@68837a77]" name="beforeMethod" is-config="true" duration-ms="0" started-at="2020-07-11T08:19:39Z" finished-at="2020-07-11T08:19:39Z">
          <reporter-output>
          </reporter-output>
        </test-method> <!-- beforeMethod -->
        <test-method status="PASS" signature="afterMethod()[pri:0, instance:com.automate.withMe.GoogleTest@68837a77]" name="afterMethod" is-config="true" duration-ms="0" started-at="2020-07-11T08:19:39Z" finished-at="2020-07-11T08:19:39Z">
          <reporter-output>
          </reporter-output>
        </test-method> <!-- afterMethod -->
        <test-method status="PASS" signature="afterClass()[pri:0, instance:com.automate.withMe.GoogleTest@68837a77]" name="afterClass" is-config="true" duration-ms="0" started-at="2020-07-11T08:19:39Z" finished-at="2020-07-11T08:19:39Z">
          <reporter-output>
          </reporter-output>
        </test-method> <!-- afterClass -->
        <test-method status="PASS" signature="afterTest()[pri:0, instance:com.automate.withMe.GoogleTest@68837a77]" name="afterTest" is-config="true" duration-ms="0" started-at="2020-07-11T08:19:39Z" finished-at="2020-07-11T08:19:39Z">
          <reporter-output>
          </reporter-output>
        </test-method> <!-- afterTest -->
        <test-method status="PASS" signature="afterSuite()[pri:0, instance:com.automate.withMe.GoogleTest@68837a77]" name="afterSuite" is-config="true" duration-ms="0" started-at="2020-07-11T08:19:39Z" finished-at="2020-07-11T08:19:39Z">
          <reporter-output>
          </reporter-output>
        </test-method> <!-- afterSuite -->
      </class> <!-- com.automate.withMe.GoogleTest -->
    </test> <!-- Command line test -->
  </suite> <!-- com.automate.withMe.GoogleTest -->
</testng-results>
